# JRE version: OpenJDK Runtime Environment Temurin-17.0.7+7 (17.0.7+7) (build 17.0.7+7)
# Java VM: OpenJDK 64-Bit Server VM Temurin-17.0.7+7 (17.0.7+7, mixed mode, tiered, compressed oops, compressed class ptrs, g1 gc, windows-amd64)
GC Precious Log:
 CPUs: 4 total, 4 available
 Memory: 3994M
 Large Page Support: Disabled
 NUMA Support: Disabled
 Compressed Oops: Enabled (32-bit)
 Heap Region Size: 1M
 Heap Min Capacity: 8M
 Heap Initial Capacity: 64M
 Heap Max Capacity: 1000M
 Pre-touch: Disabled
 Parallel Workers: 4
 Concurrent Workers: 1
 Concurrent Refinement Workers: 4
 Periodic GC: Disabled
Heap:
 garbage-first heap   total 46080K, used 31857K [0x00000000c1800000, 0x0000000100000000)
  region size 1024K, 15 young (15360K), 3 survivors (3072K)
 Metaspace       used 54051K, committed 54592K, reserved 1114112K
  class space    used 6660K, committed 6912K, reserved 1048576K
GC Heap History (20 events):
Event: 3.462 GC heap before
{Heap before GC invocations=6 (full 0):
 garbage-first heap   total 37888K, used 11867K [0x00000000c1800000, 0x0000000100000000)
  region size 1024K, 4 young (4096K), 3 survivors (3072K)
 Metaspace       used 25875K, committed 26112K, reserved 1114112K
  class space    used 2876K, committed 3008K, reserved 1048576K
}
Event: 3.465 GC heap after
{Heap after GC invocations=7 (full 0):
 garbage-first heap   total 37888K, used 11033K [0x00000000c1800000, 0x0000000100000000)
  region size 1024K, 1 young (1024K), 1 survivors (1024K)
 Metaspace       used 25875K, committed 26112K, reserved 1114112K
  class space    used 2876K, committed 3008K, reserved 1048576K
}
Event: 3.848 GC heap before
{Heap before GC invocations=7 (full 0):
 garbage-first heap   total 37888K, used 24345K [0x00000000c1800000, 0x0000000100000000)
  region size 1024K, 14 young (14336K), 1 survivors (1024K)
 Metaspace       used 27136K, committed 27392K, reserved 1114112K
  class space    used 3023K, committed 3136K, reserved 1048576K
}
Event: 3.851 GC heap after
{Heap after GC invocations=8 (full 0):
 garbage-first heap   total 37888K, used 12071K [0x00000000c1800000, 0x0000000100000000)
  region size 1024K, 2 young (2048K), 2 survivors (2048K)
 Metaspace       used 27136K, committed 27392K, reserved 1114112K
  class space    used 3023K, committed 3136K, reserved 1048576K
}
Event: 4.204 GC heap before
{Heap before GC invocations=8 (full 0):
 garbage-first heap   total 37888K, used 25383K [0x00000000c1800000, 0x0000000100000000)
  region size 1024K, 15 young (15360K), 2 survivors (2048K)
 Metaspace       used 28570K, committed 28864K, reserved 1114112K
  class space    used 3193K, committed 3328K, reserved 1048576K
}
Event: 4.208 GC heap after
{Heap after GC invocations=9 (full 0):
 garbage-first heap   total 37888K, used 13088K [0x00000000c1800000, 0x0000000100000000)
  region size 1024K, 1 young (1024K), 1 survivors (1024K)
 Metaspace       used 28570K, committed 28864K, reserved 1114112K
  class space    used 3193K, committed 3328K, reserved 1048576K
}
Event: 4.652 GC heap before
{Heap before GC invocations=9 (full 0):
 garbage-first heap   total 37888K, used 26400K [0x00000000c1800000, 0x0000000100000000)
  region size 1024K, 14 young (14336K), 1 survivors (1024K)
 Metaspace       used 30410K, committed 30656K, reserved 1114112K
  class space    used 3473K, committed 3584K, reserved 1048576K
}
Event: 4.655 GC heap after
{Heap after GC invocations=10 (full 0):
 garbage-first heap   total 37888K, used 14035K [0x00000000c1800000, 0x0000000100000000)
  region size 1024K, 2 young (2048K), 2 survivors (2048K)
 Metaspace       used 30410K, committed 30656K, reserved 1114112K
  class space    used 3473K, committed 3584K, reserved 1048576K
}
Event: 5.087 GC heap before
{Heap before GC invocations=10 (full 0):
 garbage-first heap   total 37888K, used 26323K [0x00000000c1800000, 0x0000000100000000)
  region size 1024K, 15 young (15360K), 2 survivors (2048K)
 Metaspace       used 33225K, committed 33664K, reserved 1114112K
  class space    used 3868K, committed 4096K, reserved 1048576K
}
Event: 5.093 GC heap after
{Heap after GC invocations=11 (full 0):
 garbage-first heap   total 37888K, used 15340K [0x00000000c1800000, 0x0000000100000000)
  region size 1024K, 2 young (2048K), 2 survivors (2048K)
 Metaspace       used 33225K, committed 33664K, reserved 1114112K
  class space    used 3868K, committed 4096K, reserved 1048576K
}
Event: 5.611 GC heap before
{Heap before GC invocations=11 (full 0):
 garbage-first heap   total 37888K, used 25580K [0x00000000c1800000, 0x0000000100000000)
  region size 1024K, 13 young (13312K), 2 survivors (2048K)
 Metaspace       used 35737K, committed 36096K, reserved 1114112K
  class space    used 4212K, committed 4352K, reserved 1048576K
}
Event: 5.616 GC heap after
{Heap after GC invocations=12 (full 0):
 garbage-first heap   total 37888K, used 16772K [0x00000000c1800000, 0x0000000100000000)
  region size 1024K, 2 young (2048K), 2 survivors (2048K)
 Metaspace       used 35737K, committed 36096K, reserved 1114112K
  class space    used 4212K, committed 4352K, reserved 1048576K
}
Event: 5.956 GC heap before
{Heap before GC invocations=13 (full 0):
 garbage-first heap   total 37888K, used 28036K [0x00000000c1800000, 0x0000000100000000)
  region size 1024K, 13 young (13312K), 2 survivors (2048K)
 Metaspace       used 37293K, committed 37760K, reserved 1114112K
  class space    used 4403K, committed 4608K, reserved 1048576K
}
Event: 5.960 GC heap after
{Heap after GC invocations=14 (full 0):
 garbage-first heap   total 37888K, used 17288K [0x00000000c1800000, 0x0000000100000000)
  region size 1024K, 1 young (1024K), 1 survivors (1024K)
 Metaspace       used 37293K, committed 37760K, reserved 1114112K
  class space    used 4403K, committed 4608K, reserved 1048576K
}
Event: 6.296 GC heap before
{Heap before GC invocations=14 (full 0):
 garbage-first heap   total 37888K, used 27528K [0x00000000c1800000, 0x0000000100000000)
  region size 1024K, 12 young (12288K), 1 survivors (1024K)
 Metaspace       used 39457K, committed 39936K, reserved 1114112K
  class space    used 4687K, committed 4928K, reserved 1048576K
}
Event: 6.300 GC heap after
{Heap after GC invocations=15 (full 0):
 garbage-first heap   total 46080K, used 17867K [0x00000000c1800000, 0x0000000100000000)
  region size 1024K, 2 young (2048K), 2 survivors (2048K)
 Metaspace       used 39457K, committed 39936K, reserved 1114112K
  class space    used 4687K, committed 4928K, reserved 1048576K
}
Event: 6.984 GC heap before
{Heap before GC invocations=16 (full 0):
 garbage-first heap   total 46080K, used 34251K [0x00000000c1800000, 0x0000000100000000)
  region size 1024K, 18 young (18432K), 2 survivors (2048K)
 Metaspace       used 43720K, committed 44096K, reserved 1114112K
  class space    used 5391K, committed 5568K, reserved 1048576K
}
Event: 6.989 GC heap after
{Heap after GC invocations=17 (full 0):
 garbage-first heap   total 46080K, used 18605K [0x00000000c1800000, 0x0000000100000000)
  region size 1024K, 2 young (2048K), 2 survivors (2048K)
 Metaspace       used 43720K, committed 44096K, reserved 1114112K
  class space    used 5391K, committed 5568K, reserved 1048576K
}
Event: 8.892 GC heap before
{Heap before GC invocations=17 (full 0):
 garbage-first heap   total 46080K, used 33965K [0x00000000c1800000, 0x0000000100000000)
  region size 1024K, 18 young (18432K), 2 survivors (2048K)
 Metaspace       used 51408K, committed 51904K, reserved 1114112K
  class space    used 6277K, committed 6528K, reserved 1048576K
}
Event: 8.900 GC heap after
{Heap after GC invocations=18 (full 0):
 garbage-first heap   total 46080K, used 20593K [0x00000000c1800000, 0x0000000100000000)
  region size 1024K, 3 young (3072K), 3 survivors (3072K)
 Metaspace       used 51408K, committed 51904K, reserved 1114112K
  class space    used 6277K, committed 6528K, reserved 1048576K
}

