# JRE version: OpenJDK Runtime Environment Temurin-17.0.7+7 (17.0.7+7) (build 17.0.7+7)
# Java VM: OpenJDK 64-Bit Server VM Temurin-17.0.7+7 (17.0.7+7, mixed mode, tiered, compressed oops, compressed class ptrs, g1 gc, windows-amd64)
GC Precious Log:
 CPUs: 4 total, 4 available
 Memory: 3994M
 Large Page Support: Disabled
 NUMA Support: Disabled
 Compressed Oops: Enabled (32-bit)
 Heap Region Size: 1M
 Heap Min Capacity: 8M
 Heap Initial Capacity: 64M
 Heap Max Capacity: 1000M
 Pre-touch: Disabled
 Parallel Workers: 4
 Concurrent Workers: 1
 Concurrent Refinement Workers: 4
 Periodic GC: Disabled
Heap:
 garbage-first heap   total 37888K, used 22166K [0x00000000c1800000, 0x0000000100000000)
  region size 1024K, 8 young (8192K), 2 survivors (2048K)
 Metaspace       used 36391K, committed 36800K, reserved 1114112K
  class space    used 4278K, committed 4480K, reserved 1048576K
GC Heap History (20 events):
Event: 1.478 GC heap before
{Heap before GC invocations=1 (full 0):
 garbage-first heap   total 65536K, used 17183K [0x00000000c1800000, 0x0000000100000000)
  region size 1024K, 13 young (13312K), 2 survivors (2048K)
 Metaspace       used 13971K, committed 14144K, reserved 1114112K
  class space    used 1394K, committed 1472K, reserved 1048576K
}
Event: 1.482 GC heap after
{Heap after GC invocations=2 (full 0):
 garbage-first heap   total 65536K, used 6706K [0x00000000c1800000, 0x0000000100000000)
  region size 1024K, 1 young (1024K), 1 survivors (1024K)
 Metaspace       used 13971K, committed 14144K, reserved 1114112K
  class space    used 1394K, committed 1472K, reserved 1048576K
}
Event: 2.900 GC heap before
{Heap before GC invocations=2 (full 0):
 garbage-first heap   total 65536K, used 29234K [0x00000000c1800000, 0x0000000100000000)
  region size 1024K, 24 young (24576K), 1 survivors (1024K)
 Metaspace       used 20677K, committed 20928K, reserved 1114112K
  class space    used 2214K, committed 2304K, reserved 1048576K
}
Event: 2.906 GC heap after
{Heap after GC invocations=3 (full 0):
 garbage-first heap   total 65536K, used 8855K [0x00000000c1800000, 0x0000000100000000)
  region size 1024K, 3 young (3072K), 3 survivors (3072K)
 Metaspace       used 20677K, committed 20928K, reserved 1114112K
  class space    used 2214K, committed 2304K, reserved 1048576K
}
Event: 2.978 GC heap before
{Heap before GC invocations=3 (full 0):
 garbage-first heap   total 65536K, used 9879K [0x00000000c1800000, 0x0000000100000000)
  region size 1024K, 5 young (5120K), 3 survivors (3072K)
 Metaspace       used 21317K, committed 21504K, reserved 1114112K
  class space    used 2284K, committed 2368K, reserved 1048576K
}
Event: 2.984 GC heap after
{Heap after GC invocations=4 (full 0):
 garbage-first heap   total 65536K, used 9004K [0x00000000c1800000, 0x0000000100000000)
  region size 1024K, 3 young (3072K), 3 survivors (3072K)
 Metaspace       used 21317K, committed 21504K, reserved 1114112K
  class space    used 2284K, committed 2368K, reserved 1048576K
}
Event: 3.849 GC heap before
{Heap before GC invocations=5 (full 0):
 garbage-first heap   total 37888K, used 27436K [0x00000000c1800000, 0x0000000100000000)
  region size 1024K, 22 young (22528K), 3 survivors (3072K)
 Metaspace       used 25742K, committed 26048K, reserved 1114112K
  class space    used 2873K, committed 3008K, reserved 1048576K
}
Event: 3.856 GC heap after
{Heap after GC invocations=6 (full 0):
 garbage-first heap   total 37888K, used 11257K [0x00000000c1800000, 0x0000000100000000)
  region size 1024K, 3 young (3072K), 3 survivors (3072K)
 Metaspace       used 25742K, committed 26048K, reserved 1114112K
  class space    used 2873K, committed 3008K, reserved 1048576K
}
Event: 3.888 GC heap before
{Heap before GC invocations=6 (full 0):
 garbage-first heap   total 37888K, used 12281K [0x00000000c1800000, 0x0000000100000000)
  region size 1024K, 4 young (4096K), 3 survivors (3072K)
 Metaspace       used 25949K, committed 26176K, reserved 1114112K
  class space    used 2891K, committed 3008K, reserved 1048576K
}
Event: 3.892 GC heap after
{Heap after GC invocations=7 (full 0):
 garbage-first heap   total 37888K, used 11615K [0x00000000c1800000, 0x0000000100000000)
  region size 1024K, 1 young (1024K), 1 survivors (1024K)
 Metaspace       used 25949K, committed 26176K, reserved 1114112K
  class space    used 2891K, committed 3008K, reserved 1048576K
}
Event: 4.325 GC heap before
{Heap before GC invocations=7 (full 0):
 garbage-first heap   total 37888K, used 23903K [0x00000000c1800000, 0x0000000100000000)
  region size 1024K, 14 young (14336K), 1 survivors (1024K)
 Metaspace       used 27204K, committed 27456K, reserved 1114112K
  class space    used 3031K, committed 3136K, reserved 1048576K
}
Event: 4.328 GC heap after
{Heap after GC invocations=8 (full 0):
 garbage-first heap   total 37888K, used 12464K [0x00000000c1800000, 0x0000000100000000)
  region size 1024K, 2 young (2048K), 2 survivors (2048K)
 Metaspace       used 27204K, committed 27456K, reserved 1114112K
  class space    used 3031K, committed 3136K, reserved 1048576K
}
Event: 4.881 GC heap before
{Heap before GC invocations=8 (full 0):
 garbage-first heap   total 37888K, used 24752K [0x00000000c1800000, 0x0000000100000000)
  region size 1024K, 15 young (15360K), 2 survivors (2048K)
 Metaspace       used 28806K, committed 29120K, reserved 1114112K
  class space    used 3234K, committed 3392K, reserved 1048576K
}
Event: 4.884 GC heap after
{Heap after GC invocations=9 (full 0):
 garbage-first heap   total 37888K, used 13404K [0x00000000c1800000, 0x0000000100000000)
  region size 1024K, 1 young (1024K), 1 survivors (1024K)
 Metaspace       used 28806K, committed 29120K, reserved 1114112K
  class space    used 3234K, committed 3392K, reserved 1048576K
}
Event: 5.500 GC heap before
{Heap before GC invocations=9 (full 0):
 garbage-first heap   total 37888K, used 26716K [0x00000000c1800000, 0x0000000100000000)
  region size 1024K, 14 young (14336K), 1 survivors (1024K)
 Metaspace       used 30903K, committed 31232K, reserved 1114112K
  class space    used 3553K, committed 3712K, reserved 1048576K
}
Event: 5.505 GC heap after
{Heap after GC invocations=10 (full 0):
 garbage-first heap   total 37888K, used 14451K [0x00000000c1800000, 0x0000000100000000)
  region size 1024K, 2 young (2048K), 2 survivors (2048K)
 Metaspace       used 30903K, committed 31232K, reserved 1114112K
  class space    used 3553K, committed 3712K, reserved 1048576K
}
Event: 6.064 GC heap before
{Heap before GC invocations=10 (full 0):
 garbage-first heap   total 37888K, used 26739K [0x00000000c1800000, 0x0000000100000000)
  region size 1024K, 15 young (15360K), 2 survivors (2048K)
 Metaspace       used 33478K, committed 33856K, reserved 1114112K
  class space    used 3911K, committed 4096K, reserved 1048576K
}
Event: 6.070 GC heap after
{Heap after GC invocations=11 (full 0):
 garbage-first heap   total 37888K, used 16033K [0x00000000c1800000, 0x0000000100000000)
  region size 1024K, 2 young (2048K), 2 survivors (2048K)
 Metaspace       used 33478K, committed 33856K, reserved 1114112K
  class space    used 3911K, committed 4096K, reserved 1048576K
}
Event: 6.559 GC heap before
{Heap before GC invocations=11 (full 0):
 garbage-first heap   total 37888K, used 24225K [0x00000000c1800000, 0x0000000100000000)
  region size 1024K, 11 young (11264K), 2 survivors (2048K)
 Metaspace       used 35649K, committed 35968K, reserved 1114112K
  class space    used 4199K, committed 4352K, reserved 1048576K
}
Event: 6.563 GC heap after
{Heap after GC invocations=12 (full 0):
 garbage-first heap   total 37888K, used 17046K [0x00000000c1800000, 0x0000000100000000)
  region size 1024K, 2 young (2048K), 2 survivors (2048K)
 Metaspace       used 35649K, committed 35968K, reserved 1114112K
  class space    used 4199K, committed 4352K, reserved 1048576K
}

