# JRE version: OpenJDK Runtime Environment Temurin-17.0.7+7 (17.0.7+7) (build 17.0.7+7)
# Java VM: OpenJDK 64-Bit Server VM Temurin-17.0.7+7 (17.0.7+7, mixed mode, tiered, compressed oops, compressed class ptrs, g1 gc, windows-amd64)
GC Precious Log:
 CPUs: 4 total, 4 available
 Memory: 3994M
 Large Page Support: Disabled
 NUMA Support: Disabled
 Compressed Oops: Enabled (32-bit)
 Heap Region Size: 1M
 Heap Min Capacity: 8M
 Heap Initial Capacity: 64M
 Heap Max Capacity: 1000M
 Pre-touch: Disabled
 Parallel Workers: 4
 Concurrent Workers: 1
 Concurrent Refinement Workers: 4
 Periodic GC: Disabled
Heap:
 garbage-first heap   total 51200K, used 32235K [0x00000000c1800000, 0x0000000100000000)
  region size 1024K, 8 young (8192K), 2 survivors (2048K)
 Metaspace       used 75099K, committed 75584K, reserved 1179648K
  class space    used 9683K, committed 9920K, reserved 1048576K
GC Heap History (20 events):
Event: 10.329 GC heap before
{Heap before GC invocations=20 (full 0):
 garbage-first heap   total 46080K, used 35849K [0x00000000c1800000, 0x0000000100000000)
  region size 1024K, 14 young (14336K), 1 survivors (1024K)
 Metaspace       used 62252K, committed 62720K, reserved 1114112K
  class space    used 7947K, committed 8192K, reserved 1048576K
}
Event: 10.332 GC heap after
{Heap after GC invocations=21 (full 0):
 garbage-first heap   total 46080K, used 22970K [0x00000000c1800000, 0x0000000100000000)
  region size 1024K, 2 young (2048K), 2 survivors (2048K)
 Metaspace       used 62252K, committed 62720K, reserved 1114112K
  class space    used 7947K, committed 8192K, reserved 1048576K
}
Event: 11.223 GC heap before
{Heap before GC invocations=22 (full 0):
 garbage-first heap   total 46080K, used 36282K [0x00000000c1800000, 0x0000000100000000)
  region size 1024K, 15 young (15360K), 2 survivors (2048K)
 Metaspace       used 65055K, committed 65664K, reserved 1114112K
  class space    used 8351K, committed 8640K, reserved 1048576K
}
Event: 11.228 GC heap after
{Heap after GC invocations=23 (full 0):
 garbage-first heap   total 46080K, used 23831K [0x00000000c1800000, 0x0000000100000000)
  region size 1024K, 2 young (2048K), 2 survivors (2048K)
 Metaspace       used 65055K, committed 65664K, reserved 1114112K
  class space    used 8351K, committed 8640K, reserved 1048576K
}
Event: 11.520 GC heap before
{Heap before GC invocations=23 (full 0):
 garbage-first heap   total 46080K, used 37143K [0x00000000c1800000, 0x0000000100000000)
  region size 1024K, 15 young (15360K), 2 survivors (2048K)
 Metaspace       used 67073K, committed 67648K, reserved 1114112K
  class space    used 8619K, committed 8896K, reserved 1048576K
}
Event: 11.524 GC heap after
{Heap after GC invocations=24 (full 0):
 garbage-first heap   total 46080K, used 24885K [0x00000000c1800000, 0x0000000100000000)
  region size 1024K, 2 young (2048K), 2 survivors (2048K)
 Metaspace       used 67073K, committed 67648K, reserved 1114112K
  class space    used 8619K, committed 8896K, reserved 1048576K
}
Event: 11.878 GC heap before
{Heap before GC invocations=25 (full 0):
 garbage-first heap   total 48128K, used 37173K [0x00000000c1800000, 0x0000000100000000)
  region size 1024K, 14 young (14336K), 2 survivors (2048K)
 Metaspace       used 68360K, committed 68864K, reserved 1114112K
  class space    used 8805K, committed 9024K, reserved 1048576K
}
Event: 11.884 GC heap after
{Heap after GC invocations=26 (full 0):
 garbage-first heap   total 48128K, used 26142K [0x00000000c1800000, 0x0000000100000000)
  region size 1024K, 2 young (2048K), 2 survivors (2048K)
 Metaspace       used 68360K, committed 68864K, reserved 1114112K
  class space    used 8805K, committed 9024K, reserved 1048576K
}
Event: 12.208 GC heap before
{Heap before GC invocations=26 (full 0):
 garbage-first heap   total 48128K, used 38430K [0x00000000c1800000, 0x0000000100000000)
  region size 1024K, 14 young (14336K), 2 survivors (2048K)
 Metaspace       used 69708K, committed 70272K, reserved 1114112K
  class space    used 8996K, committed 9280K, reserved 1048576K
}
Event: 12.213 GC heap after
{Heap after GC invocations=27 (full 0):
 garbage-first heap   total 48128K, used 27623K [0x00000000c1800000, 0x0000000100000000)
  region size 1024K, 2 young (2048K), 2 survivors (2048K)
 Metaspace       used 69708K, committed 70272K, reserved 1114112K
  class space    used 8996K, committed 9280K, reserved 1048576K
}
Event: 558.710 GC heap before
{Heap before GC invocations=28 (full 0):
 garbage-first heap   total 51200K, used 38887K [0x00000000c1800000, 0x0000000100000000)
  region size 1024K, 13 young (13312K), 2 survivors (2048K)
 Metaspace       used 70277K, committed 70784K, reserved 1114112K
  class space    used 9056K, committed 9280K, reserved 1048576K
}
Event: 558.833 GC heap after
{Heap after GC invocations=29 (full 0):
 garbage-first heap   total 51200K, used 27839K [0x00000000c1800000, 0x0000000100000000)
  region size 1024K, 1 young (1024K), 1 survivors (1024K)
 Metaspace       used 70277K, committed 70784K, reserved 1114112K
  class space    used 9056K, committed 9280K, reserved 1048576K
}
Event: 1354.034 GC heap before
{Heap before GC invocations=29 (full 0):
 garbage-first heap   total 51200K, used 41151K [0x00000000c1800000, 0x0000000100000000)
  region size 1024K, 14 young (14336K), 1 survivors (1024K)
 Metaspace       used 70306K, committed 70784K, reserved 1114112K
  class space    used 9056K, committed 9280K, reserved 1048576K
}
Event: 1354.132 GC heap after
{Heap after GC invocations=30 (full 0):
 garbage-first heap   total 51200K, used 27697K [0x00000000c1800000, 0x0000000100000000)
  region size 1024K, 1 young (1024K), 1 survivors (1024K)
 Metaspace       used 70306K, committed 70784K, reserved 1114112K
  class space    used 9056K, committed 9280K, reserved 1048576K
}
Event: 1487.855 GC heap before
{Heap before GC invocations=31 (full 0):
 garbage-first heap   total 51200K, used 41009K [0x00000000c1800000, 0x0000000100000000)
  region size 1024K, 15 young (15360K), 1 survivors (1024K)
 Metaspace       used 73405K, committed 73856K, reserved 1114112K
  class space    used 9468K, committed 9664K, reserved 1048576K
}
Event: 1487.895 GC heap after
{Heap after GC invocations=32 (full 0):
 garbage-first heap   total 51200K, used 28497K [0x00000000c1800000, 0x0000000100000000)
  region size 1024K, 1 young (1024K), 1 survivors (1024K)
 Metaspace       used 73405K, committed 73856K, reserved 1114112K
  class space    used 9468K, committed 9664K, reserved 1048576K
}
Event: 1487.955 GC heap before
{Heap before GC invocations=32 (full 0):
 garbage-first heap   total 51200K, used 28497K [0x00000000c1800000, 0x0000000100000000)
  region size 1024K, 2 young (2048K), 1 survivors (1024K)
 Metaspace       used 73694K, committed 74176K, reserved 1114112K
  class space    used 9508K, committed 9728K, reserved 1048576K
}
Event: 1488.022 GC heap after
{Heap after GC invocations=33 (full 0):
 garbage-first heap   total 51200K, used 26165K [0x00000000c1800000, 0x0000000100000000)
  region size 1024K, 1 young (1024K), 1 survivors (1024K)
 Metaspace       used 73694K, committed 74176K, reserved 1114112K
  class space    used 9508K, committed 9728K, reserved 1048576K
}
Event: 1817.644 GC heap before
{Heap before GC invocations=33 (full 0):
 garbage-first heap   total 51200K, used 41525K [0x00000000c1800000, 0x0000000100000000)
  region size 1024K, 16 young (16384K), 1 survivors (1024K)
 Metaspace       used 74946K, committed 75392K, reserved 1179648K
  class space    used 9647K, committed 9856K, reserved 1048576K
}
Event: 1817.731 GC heap after
{Heap after GC invocations=34 (full 0):
 garbage-first heap   total 51200K, used 27115K [0x00000000c1800000, 0x0000000100000000)
  region size 1024K, 2 young (2048K), 2 survivors (2048K)
 Metaspace       used 74946K, committed 75392K, reserved 1179648K
  class space    used 9647K, committed 9856K, reserved 1048576K
}

